TN:
SF:script/DeployBuzzkill.s.sol
FN:13,DeployBuzzkill.run
FNDA:0,DeployBuzzkill.run
DA:14,0
DA:16,0
DA:17,0
DA:18,0
FNF:1
FNH:0
LF:4
LH:0
BRF:0
BRH:0
end_of_record
TN:
SF:src/Hive/HiveVaultV1.sol
FN:158,HiveVaultV1.stakeBee
FNDA:0,HiveVaultV1.stakeBee
DA:159,0
BRDA:159,0,0,-
BRDA:159,0,1,-
DA:160,0
BRDA:160,1,0,-
BRDA:160,1,1,-
DA:162,0
DA:163,0
DA:164,0
DA:167,0
DA:168,0
FN:174,HiveVaultV1.unstakeBee
FNDA:0,HiveVaultV1.unstakeBee
DA:176,0
BRDA:176,2,0,-
BRDA:176,2,1,-
DA:177,0
BRDA:177,3,0,-
BRDA:177,3,1,-
DA:179,0
DA:180,0
DA:181,0
DA:182,0
DA:184,0
DA:186,0
FN:191,HiveVaultV1.claim
FNDA:0,HiveVaultV1.claim
DA:192,0
DA:193,0
DA:194,0
DA:195,0
DA:196,0
DA:199,0
BRDA:199,4,0,-
BRDA:199,4,1,-
DA:200,0
DA:202,0
DA:206,0
DA:208,0
FN:217,HiveVaultV1._deposit
FNDA:0,HiveVaultV1._deposit
DA:219,0
DA:220,0
BRDA:220,5,0,-
BRDA:220,5,1,-
DA:222,0
DA:226,0
DA:227,0
DA:229,0
FN:234,HiveVaultV1._withdraw
FNDA:0,HiveVaultV1._withdraw
DA:236,0
DA:237,0
DA:239,0
DA:240,0
DA:242,0
FN:248,HiveVaultV1._earned
FNDA:0,HiveVaultV1._earned
DA:249,0
BRDA:249,6,0,-
BRDA:249,6,1,-
DA:250,0
DA:251,0
DA:252,0
DA:253,0
BRDA:253,7,0,-
BRDA:253,7,1,-
DA:255,0
DA:257,0
DA:259,0
BRDA:259,8,0,-
BRDA:259,8,1,-
DA:261,0
FN:268,HiveVaultV1._updateBeeCountInHive
FNDA:0,HiveVaultV1._updateBeeCountInHive
DA:270,0
BRDA:270,9,0,-
BRDA:270,9,1,-
DA:272,0
BRDA:272,10,0,-
BRDA:272,10,1,-
DA:273,0
DA:274,0
BRDA:274,11,0,-
BRDA:274,11,1,-
DA:276,0
DA:277,0
BRDA:277,12,0,-
BRDA:277,12,1,-
DA:281,0
BRDA:281,13,0,-
BRDA:281,13,1,-
DA:282,0
DA:284,0
FN:289,HiveVaultV1._lockUpExpired
FNDA:0,HiveVaultV1._lockUpExpired
DA:290,0
FN:293,HiveVaultV1._calculateHiveRateMultiplier
FNDA:0,HiveVaultV1._calculateHiveRateMultiplier
DA:294,0
DA:295,0
DA:296,0
DA:297,0
FN:307,HiveVaultV1.totalEarned
FNDA:0,HiveVaultV1.totalEarned
DA:308,0
DA:309,0
DA:311,0
DA:312,0
DA:313,0
FN:319,HiveVaultV1.depositsOf
FNDA:0,HiveVaultV1.depositsOf
DA:320,0
DA:321,0
DA:323,0
DA:324,0
FN:329,HiveVaultV1.getHiveTraits
FNDA:0,HiveVaultV1.getHiveTraits
DA:330,0
FN:340,HiveVaultV1.updateAllHiveRateMultipliers
FNDA:0,HiveVaultV1.updateAllHiveRateMultipliers
DA:341,0
BRDA:341,14,0,-
BRDA:341,14,1,-
DA:342,0
DA:343,0
DA:345,0
DA:346,0
DA:348,0
FN:353,HiveVaultV1.updateSingleHiveRateMultiplier
FNDA:0,HiveVaultV1.updateSingleHiveRateMultiplier
DA:354,0
FN:359,HiveVaultV1.setRate
FNDA:0,HiveVaultV1.setRate
DA:360,0
FN:365,HiveVaultV1.setEndTime
FNDA:0,HiveVaultV1.setEndTime
DA:366,0
FN:371,HiveVaultV1.setNewStakingAddress
FNDA:0,HiveVaultV1.setNewStakingAddress
DA:372,0
FN:377,HiveVaultV1.setNewRewardTokenAddress
FNDA:0,HiveVaultV1.setNewRewardTokenAddress
DA:378,0
FN:383,HiveVaultV1.setMaxWorkersPerHive
FNDA:0,HiveVaultV1.setMaxWorkersPerHive
DA:384,0
FN:389,HiveVaultV1.setMaxQueensPerHive
FNDA:0,HiveVaultV1.setMaxQueensPerHive
DA:390,0
FN:395,HiveVaultV1.setLockUpDuration
FNDA:0,HiveVaultV1.setLockUpDuration
DA:396,0
FN:399,HiveVaultV1.setEpochDuration
FNDA:0,HiveVaultV1.setEpochDuration
DA:400,0
FN:405,HiveVaultV1.addHive
FNDA:0,HiveVaultV1.addHive
DA:406,0
BRDA:406,15,0,-
BRDA:406,15,1,-
DA:411,0
DA:412,0
DA:414,0
DA:422,0
FN:427,HiveVaultV1.deleteHive
FNDA:0,HiveVaultV1.deleteHive
DA:429,0
BRDA:429,16,0,-
BRDA:429,16,1,-
DA:430,0
BRDA:430,17,0,-
BRDA:430,17,1,-
DA:431,0
DA:432,0
DA:433,0
FN:437,HiveVaultV1.pause
FNDA:0,HiveVaultV1.pause
DA:438,0
FN:442,HiveVaultV1.unpause
FNDA:0,HiveVaultV1.unpause
DA:443,0
FN:447,HiveVaultV1.onERC721Received
FNDA:0,HiveVaultV1.onERC721Received
DA:462,0
FNF:27
FNH:0
LF:97
LH:0
BRF:36
BRH:0
end_of_record
TN:
SF:src/Hive/HiveVaultV1Basic.sol
FN:64,HiveVaultV1Basic.deposit
FNDA:0,HiveVaultV1Basic.deposit
DA:66,0
DA:67,0
DA:70,0
FN:75,HiveVaultV1Basic.withdraw
FNDA:0,HiveVaultV1Basic.withdraw
DA:76,0
DA:77,0
BRDA:77,0,0,-
BRDA:77,0,1,-
DA:79,0
DA:82,0
DA:83,0
DA:86,0
DA:87,0
FN:91,HiveVaultV1Basic.claim
FNDA:0,HiveVaultV1Basic.claim
DA:92,0
DA:93,0
DA:94,0
DA:95,0
DA:97,0
DA:98,0
DA:100,0
DA:103,0
FN:112,HiveVaultV1Basic.totalEarned
FNDA:0,HiveVaultV1Basic.totalEarned
DA:113,0
DA:114,0
DA:116,0
DA:117,0
DA:118,0
FN:125,HiveVaultV1Basic._earned
FNDA:0,HiveVaultV1Basic._earned
DA:126,0
BRDA:126,1,0,-
BRDA:126,1,1,-
DA:127,0
DA:128,0
DA:129,0
BRDA:129,2,0,-
BRDA:129,2,1,-
DA:131,0
DA:133,0
DA:135,0
BRDA:135,3,0,-
BRDA:135,3,1,-
DA:137,0
FN:142,HiveVaultV1Basic.depositsOf
FNDA:0,HiveVaultV1Basic.depositsOf
DA:143,0
DA:144,0
DA:146,0
DA:147,0
FN:157,HiveVaultV1Basic.setRate
FNDA:0,HiveVaultV1Basic.setRate
DA:158,0
FN:163,HiveVaultV1Basic.setEndTime
FNDA:0,HiveVaultV1Basic.setEndTime
DA:164,0
FN:169,HiveVaultV1Basic.setRateModifier
FNDA:0,HiveVaultV1Basic.setRateModifier
DA:170,0
FN:175,HiveVaultV1Basic.setNewStakingAddress
FNDA:0,HiveVaultV1Basic.setNewStakingAddress
DA:176,0
FN:181,HiveVaultV1Basic.setNewRewardTokenAddress
FNDA:0,HiveVaultV1Basic.setNewRewardTokenAddress
DA:182,0
FN:186,HiveVaultV1Basic.pause
FNDA:0,HiveVaultV1Basic.pause
DA:187,0
FN:191,HiveVaultV1Basic.unpause
FNDA:0,HiveVaultV1Basic.unpause
DA:192,0
FNF:13
FNH:0
LF:42
LH:0
BRF:8
BRH:0
end_of_record
TN:
SF:src/Honey/Honey.sol
FN:18,Honey.mintTo
FNDA:3,Honey.mintTo
DA:19,3
BRDA:19,0,0,-
BRDA:19,0,1,3
DA:20,0
DA:22,3
FN:26,Honey.burn
FNDA:1,Honey.burn
DA:27,1
FN:33,Honey.setControllers
FNDA:7,Honey.setControllers
DA:34,7
FN:40,Honey._estimateFee
FNDA:0,Honey._estimateFee
DA:41,0
FNF:4
FNH:3
LF:6
LH:4
BRF:2
BRH:1
end_of_record
TN:
SF:src/NFT/BuzzkillNFT.sol
FN:54,BuzzkillNFT.mintTo
FNDA:1,BuzzkillNFT.mintTo
DA:55,1
BRDA:55,0,0,-
BRDA:55,0,1,-
DA:56,0
BRDA:56,1,0,-
BRDA:56,1,1,-
DA:59,1
DA:60,1
BRDA:60,2,0,-
BRDA:60,2,1,1
DA:62,1
DA:64,1
FN:67,BuzzkillNFT.burn
FNDA:0,BuzzkillNFT.burn
DA:68,0
BRDA:68,3,0,-
BRDA:68,3,1,-
DA:69,0
FN:73,BuzzkillNFT._baseURI
FNDA:0,BuzzkillNFT._baseURI
DA:74,0
FN:81,BuzzkillNFT.withdrawPayments
FNDA:0,BuzzkillNFT.withdrawPayments
DA:82,0
DA:83,0
DA:85,0
BRDA:85,4,0,-
BRDA:85,4,1,-
FN:91,BuzzkillNFT.UpdateMintPrice
FNDA:0,BuzzkillNFT.UpdateMintPrice
DA:92,0
BRDA:92,5,0,-
BRDA:92,5,1,-
DA:93,0
BRDA:93,6,0,-
BRDA:93,6,1,-
DA:94,0
DA:95,0
FN:98,BuzzkillNFT.pause
FNDA:0,BuzzkillNFT.pause
DA:99,0
FN:102,BuzzkillNFT.unpause
FNDA:0,BuzzkillNFT.unpause
DA:103,0
FN:111,BuzzkillNFT._estimateFee
FNDA:0,BuzzkillNFT._estimateFee
DA:112,0
FN:117,BuzzkillNFT.supportsInterface
FNDA:0,BuzzkillNFT.supportsInterface
DA:118,0
FN:121,BuzzkillNFT._beforeTokenTransfer
FNDA:1,BuzzkillNFT._beforeTokenTransfer
DA:126,1
FNF:10
FNH:2
LF:21
LH:6
BRF:14
BRH:1
end_of_record
TN:
SF:src/traits/BeeSkills.sol
FN:102,BeeSkills.upgradeAttack
FNDA:0,BeeSkills.upgradeAttack
DA:109,0
FN:112,BeeSkills.upgradeDefense
FNDA:0,BeeSkills.upgradeDefense
DA:119,0
FN:122,BeeSkills.upgradeForaging
FNDA:0,BeeSkills.upgradeForaging
DA:129,0
FN:133,BeeSkills.raidAHive
FNDA:0,BeeSkills.raidAHive
DA:143,0
BRDA:143,0,0,-
BRDA:143,0,1,-
DA:145,0
BRDA:145,1,0,-
BRDA:145,1,1,-
DA:148,0
BRDA:148,2,0,-
BRDA:148,2,1,-
DA:152,0
DA:157,0
DA:158,0
DA:161,0
DA:163,0
BRDA:163,3,0,-
BRDA:163,3,1,-
DA:165,0
DA:166,0
DA:169,0
DA:171,0
DA:172,0
DA:174,0
DA:175,0
FN:192,BeeSkills._calculateHiveDefense
FNDA:0,BeeSkills._calculateHiveDefense
DA:193,0
DA:194,0
DA:195,0
FN:199,BeeSkills._calculateIsRaidSuccessful
FNDA:0,BeeSkills._calculateIsRaidSuccessful
FN:203,BeeSkills._calculateRaidReward
FNDA:0,BeeSkills._calculateRaidReward
FN:206,BeeSkills._penalizeHive
FNDA:0,BeeSkills._penalizeHive
FN:208,BeeSkills._generateRandomNumber
FNDA:0,BeeSkills._generateRandomNumber
DA:209,0
DA:210,0
FN:217,BeeSkills.getIsQueen
FNDA:0,BeeSkills.getIsQueen
DA:218,0
FN:221,BeeSkills.getBeeTraitsFromTokenId
FNDA:0,BeeSkills.getBeeTraitsFromTokenId
DA:222,0
FN:226,BeeSkills.cooldownStatus
FNDA:0,BeeSkills.cooldownStatus
FN:232,BeeSkills.initializeBeeTraits
FNDA:0,BeeSkills.initializeBeeTraits
DA:238,0
BRDA:238,4,0,-
BRDA:238,4,1,-
DA:240,0
DA:254,0
FN:258,BeeSkills.pause
FNDA:0,BeeSkills.pause
DA:259,0
FN:263,BeeSkills.unpause
FNDA:0,BeeSkills.unpause
DA:264,0
FNF:15
FNH:0
LF:30
LH:0
BRF:10
BRH:0
end_of_record
TN:
SF:src/utils/Controllable.sol
FN:16,Controllable.isController
FNDA:0,Controllable.isController
DA:17,0
FN:21,Controllable._setController
FNDA:7,Controllable._setController
DA:22,7
FNF:2
FNH:1
LF:2
LH:1
BRF:0
BRH:0
end_of_record
